<?xml version="1.0" encoding="UTF-8"?>
<testsuite xmlns:xsi="http://www.w3.org/2001/XMLSchema-instance" xsi:noNamespaceSchemaLocation="https://maven.apache.org/surefire/maven-surefire-plugin/xsd/surefire-test-report-3.0.xsd" version="3.0" name="com.zetcode.BoardTest" time="0.323" tests="8" errors="0" skipped="0" failures="0">
  <properties>
    <property name="java.specification.version" value="20"/>
    <property name="sun.cpu.isalist" value="amd64"/>
    <property name="sun.jnu.encoding" value="Cp1252"/>
    <property name="sun.awt.enableExtraMouseButtons" value="true"/>
    <property name="java.class.path" value="D:\Kuliah\KRS-KHS\Semester 6\Software Testing\P5\pacman\target\test-classes;D:\Kuliah\KRS-KHS\Semester 6\Software Testing\P5\pacman\target\classes;C:\Users\rudi hartono\.m2\repository\org\junit\jupiter\junit-jupiter-api\5.9.2\junit-jupiter-api-5.9.2.jar;C:\Users\rudi hartono\.m2\repository\org\opentest4j\opentest4j\1.2.0\opentest4j-1.2.0.jar;C:\Users\rudi hartono\.m2\repository\org\junit\platform\junit-platform-commons\1.9.2\junit-platform-commons-1.9.2.jar;C:\Users\rudi hartono\.m2\repository\org\apiguardian\apiguardian-api\1.1.2\apiguardian-api-1.1.2.jar;C:\Users\rudi hartono\.m2\repository\org\junit\jupiter\junit-jupiter-engine\5.9.2\junit-jupiter-engine-5.9.2.jar;C:\Users\rudi hartono\.m2\repository\org\junit\platform\junit-platform-engine\1.9.2\junit-platform-engine-1.9.2.jar;"/>
    <property name="java.vm.vendor" value="Oracle Corporation"/>
    <property name="sun.arch.data.model" value="64"/>
    <property name="user.variant" value=""/>
    <property name="java.vendor.url" value="https://java.oracle.com/"/>
    <property name="user.timezone" value="Asia/Bangkok"/>
    <property name="os.name" value="Windows 10"/>
    <property name="java.vm.specification.version" value="20"/>
    <property name="sun.java.launcher" value="SUN_STANDARD"/>
    <property name="user.country" value="US"/>
    <property name="sun.boot.library.path" value="C:\Program Files\Java\jdk-20\bin"/>
    <property name="sun.java.command" value="C:\Users\rudi hartono\AppData\Local\Temp\surefire12998169241937176183\surefirebooter-20250324150528917_3.jar C:\Users\rudi hartono\AppData\Local\Temp\surefire12998169241937176183 2025-03-24T15-05-28_687-jvmRun1 surefire-20250324150528917_1tmp surefire_0-20250324150528917_2tmp"/>
    <property name="jdk.debug" value="release"/>
    <property name="surefire.test.class.path" value="D:\Kuliah\KRS-KHS\Semester 6\Software Testing\P5\pacman\target\test-classes;D:\Kuliah\KRS-KHS\Semester 6\Software Testing\P5\pacman\target\classes;C:\Users\rudi hartono\.m2\repository\org\junit\jupiter\junit-jupiter-api\5.9.2\junit-jupiter-api-5.9.2.jar;C:\Users\rudi hartono\.m2\repository\org\opentest4j\opentest4j\1.2.0\opentest4j-1.2.0.jar;C:\Users\rudi hartono\.m2\repository\org\junit\platform\junit-platform-commons\1.9.2\junit-platform-commons-1.9.2.jar;C:\Users\rudi hartono\.m2\repository\org\apiguardian\apiguardian-api\1.1.2\apiguardian-api-1.1.2.jar;C:\Users\rudi hartono\.m2\repository\org\junit\jupiter\junit-jupiter-engine\5.9.2\junit-jupiter-engine-5.9.2.jar;C:\Users\rudi hartono\.m2\repository\org\junit\platform\junit-platform-engine\1.9.2\junit-platform-engine-1.9.2.jar;"/>
    <property name="sun.cpu.endian" value="little"/>
    <property name="user.home" value="C:\Users\rudi hartono"/>
    <property name="user.language" value="en"/>
    <property name="java.specification.vendor" value="Oracle Corporation"/>
    <property name="java.version.date" value="2023-07-18"/>
    <property name="java.home" value="C:\Program Files\Java\jdk-20"/>
    <property name="file.separator" value="\"/>
    <property name="basedir" value="D:\Kuliah\KRS-KHS\Semester 6\Software Testing\P5\pacman"/>
    <property name="java.vm.compressedOopsMode" value="Zero based"/>
    <property name="line.separator" value="&#10;"/>
    <property name="java.vm.specification.vendor" value="Oracle Corporation"/>
    <property name="java.specification.name" value="Java Platform API Specification"/>
    <property name="surefire.real.class.path" value="C:\Users\rudi hartono\AppData\Local\Temp\surefire12998169241937176183\surefirebooter-20250324150528917_3.jar"/>
    <property name="user.script" value=""/>
    <property name="sun.management.compiler" value="HotSpot 64-Bit Tiered Compilers"/>
    <property name="java.runtime.version" value="20.0.2+9-78"/>
    <property name="user.name" value="rudi hartono"/>
    <property name="stdout.encoding" value="Cp1252"/>
    <property name="path.separator" value=";"/>
    <property name="os.version" value="10.0"/>
    <property name="java.runtime.name" value="Java(TM) SE Runtime Environment"/>
    <property name="file.encoding" value="UTF-8"/>
    <property name="java.vm.name" value="Java HotSpot(TM) 64-Bit Server VM"/>
    <property name="localRepository" value="C:\Users\rudi hartono\.m2\repository"/>
    <property name="java.vendor.url.bug" value="https://bugreport.java.com/bugreport/"/>
    <property name="java.io.tmpdir" value="C:\Users\RUDIHA~1\AppData\Local\Temp\"/>
    <property name="java.version" value="20.0.2"/>
    <property name="user.dir" value="D:\Kuliah\KRS-KHS\Semester 6\Software Testing\P5\pacman"/>
    <property name="os.arch" value="amd64"/>
    <property name="java.vm.specification.name" value="Java Virtual Machine Specification"/>
    <property name="sun.os.patch.level" value=""/>
    <property name="native.encoding" value="Cp1252"/>
    <property name="java.library.path" value="C:\Program Files\Java\jdk-20\bin;C:\WINDOWS\Sun\Java\bin;C:\WINDOWS\system32;C:\WINDOWS;D:\laragon\bin\php\php-8.3.6-Win32-vs16-x64;C:\Program Files\Common Files\Oracle\Java\javapath;C:\Program Files (x86)\Common Files\Oracle\Java\javapath;C:\WINDOWS\system32;C:\WINDOWS;C:\WINDOWS\System32\Wbem;C:\WINDOWS\System32\WindowsPowerShell\v1.0\;C:\WINDOWS\System32\OpenSSH\;C:\Program Files\NVIDIA Corporation\NVIDIA NvDLISR;C:\Program Files (x86)\NVIDIA Corporation\PhysX\Common;C:\Program Files\MySQL\MySQL Server 8.0\bin;C:\Program Files\Graphviz\bin\dot.exe;C:\nodejs\;C:\Program Files\dotnet\;C:\Users\rudi hartono\AppData\Local\Pub\Cache\bin;D:\Software\Program Files HDD\pg-sql\pgsql\bin;C:\Program Files\Docker\Docker\resources\bin;C:\ProgramData\ComposerSetup\bin;D:\laragon\bin\mysql\mariadb-11.3.2-winx64\bin;C:\Program Files\Git\cmd;C:\Program Files\mosquitto;D:\Kuliah\KRS-KHS\Semester 6\Software Testing\apache-maven-3.9.9-bin\apache-maven-3.9.9\bin;C:\Users\rudi hartono\AppData\Local\Programs\Python\Python311\Scripts\;C:\Users\rudi hartono\AppData\Local\Programs\Python\Python311\;C:\Users\rudi hartono\AppData\Local\Microsoft\WindowsApps;C:\Users\rudi hartono\AppData\Local\Programs\Microsoft VS Code\bin;C:\Program Files\JetBrains\IntelliJ IDEA 2023.1.4\bin;;C:\Program Files\JetBrains\DataGrip 2023.2.1\bin;;C:\Users\rudi hartono\AppData\Local\Android\Sdk\platform-tools;C:\src\flutter\bin\;C:\src\flutter\bin;C:\Users\rudi hartono\AppData\Roaming\npm;D:\laragon\bin\ngrok;C:\Users\rudi hartono\AppData\Local\Pub\Cache\bin;C:\Users\rudi hartono\.bun\bin;C:\Users\rudi hartono\AppData\Roaming\Composer\vendor\bin;;c:\Users\rudi hartono\AppData\Roaming\Code\User\globalStorage\github.copilot-chat\debugCommand;."/>
    <property name="java.vm.info" value="mixed mode, sharing"/>
    <property name="stderr.encoding" value="Cp1252"/>
    <property name="java.vendor" value="Oracle Corporation"/>
    <property name="java.vm.version" value="20.0.2+9-78"/>
    <property name="sun.io.unicode.encoding" value="UnicodeLittle"/>
    <property name="java.class.version" value="64.0"/>
  </properties>
  <testcase name="testNyawaBerkurang" classname="com.zetcode.BoardTest" time="0.245">
    <system-out><![CDATA[[TEST: 05] Menguji apakah berhasil Pacman Nyawa-nya Berkurang ketika mati pertama kali
]]></system-out>
  </testcase>
  <testcase name="testNextLevelGhosts" classname="com.zetcode.BoardTest" time="0.004">
    <system-out><![CDATA[[TEST: 08] Menguji apakah setelah semua dot dimakan, lanjut ke level berikutnya ditandai dengan jumlah ghost bertambah
]]></system-out>
  </testcase>
  <testcase name="testDeath" classname="com.zetcode.BoardTest" time="0.005">
    <system-out><![CDATA[[TEST: 06] Menguji apakah game terhenti saat pacman mati dengan kondisi nyawa habis
]]></system-out>
  </testcase>
  <testcase name="testMovePacmanKeAtas" classname="com.zetcode.BoardTest" time="0.005">
    <system-out><![CDATA[[TEST: 01] Menguji Movement Pacman Berhasil Bergerak ke Atas
]]></system-out>
  </testcase>
  <testcase name="testMovePacmanKeKiri" classname="com.zetcode.BoardTest" time="0.004">
    <system-out><![CDATA[[TEST: 03] Menguji Movement Pacman Berhasil Bergerak ke Kiri
]]></system-out>
  </testcase>
  <testcase name="testMovePacmanKeBawah" classname="com.zetcode.BoardTest" time="0.007">
    <system-out><![CDATA[[TEST: 02] Menguji Movement Pacman Berhasil Bergerak ke Bawah
]]></system-out>
  </testcase>
  <testcase name="testMovePacmanKeKanan" classname="com.zetcode.BoardTest" time="0.003">
    <system-out><![CDATA[[TEST: 04] Menguji Movement Pacman Berhasil Bergerak ke Kanan
]]></system-out>
  </testcase>
  <testcase name="testCheckMaze" classname="com.zetcode.BoardTest" time="0.005">
    <system-out><![CDATA[[TEST: 07] Menguji apakah setelah semua dot dimakan, score berhasil bertambah
]]></system-out>
  </testcase>
</testsuite>